[pakasiatransportcompany.com.pk/index.html]
[backblue.gif]
[fade.gif]
[index.html]
[pakasiatransportcompany.com.pk/img/top-logo.png]
[cdnjs.cloudflare.com/ajax/libs/font-awesome/5.15.0/css/all.min.css]
[pakasiatransportcompany.com.pk/img/logo.png]
[pakasiatransportcompany.com.pk/car_video.mp4]
[cdn.jsdelivr.net/npm/bootstrap@5.3.2/dist/css/bootstrap.min.css]
[pakasiatransportcompany.com.pk/img/carousel-2.jpg]
[pakasiatransportcompany.com.pk/img/about.png]
[pakasiatransportcompany.com.pk/img/gallery-1.jpg]
[pakasiatransportcompany.com.pk/img/gallery-2.jpg]
[pakasiatransportcompany.com.pk/img/gallery-3.jpg]
[pakasiatransportcompany.com.pk/img/gallery-4.jpg]
[pakasiatransportcompany.com.pk/img/gallery-5.jpg]
[pakasiatransportcompany.com.pk/img/gallery-6.jpg]
[pakasiatransportcompany.com.pk/img/team-1.jpg]
[pakasiatransportcompany.com.pk/img/team-2.jpg]
[pakasiatransportcompany.com.pk/img/team-3.jpg]
[pakasiatransportcompany.com.pk/img/team-4.jpg]
[pakasiatransportcompany.com.pk/img/banner-left.png]
[pakasiatransportcompany.com.pk/img/banner-right.png]
[pakasiatransportcompany.com.pk/img/testimonial-1.jpg]
[pakasiatransportcompany.com.pk/img/testimonial-2.jpg]
[pakasiatransportcompany.com.pk/img/testimonial-3.jpg]
[pakasiatransportcompany.com.pk/img/testimonial-4.jpg]
[pakasiatransportcompany.com.pk/img/vendor-1.png]
[pakasiatransportcompany.com.pk/img/vendor-2.png]
[pakasiatransportcompany.com.pk/img/vendor-3.png]
[pakasiatransportcompany.com.pk/img/vendor-4.png]
[pakasiatransportcompany.com.pk/img/vendor-5.png]
[pakasiatransportcompany.com.pk/img/vendor-6.png]
[pakasiatransportcompany.com.pk/img/vendor-7.png]
[pakasiatransportcompany.com.pk/img/vendor-8.png]
[code.jquery.com/jquery-3.4.1.min.js]
[stackpath.bootstrapcdn.com/bootstrap/4.4.1/js/bootstrap.bundle.min.js]
[pakasiatransportcompany.com.pk/lib/easing/easing.min.js]
[pakasiatransportcompany.com.pk/lib/waypoints/waypoints.min.js]
[pakasiatransportcompany.com.pk/lib/owlcarousel/owl.carousel.min.js]
[pakasiatransportcompany.com.pk/lib/tempusdominus/js/moment.min.js]
[pakasiatransportcompany.com.pk/lib/tempusdominus/js/moment-timezone.min.js]
[pakasiatransportcompany.com.pk/lib/tempusdominus/js/tempusdominus-bootstrap-4.min.js]
[pakasiatransportcompany.com.pk/js/main.js]
[pakasiatransportcompany.com.pk/index.html]
[cdnjs.cloudflare.com/ajax/libs/font-awesome/5.15.0/css/all.min.css]
[pakasiatransportcompany.com.pk/lib/owlcarousel/assets/owl.video.play.png]
[pakasiatransportcompany.com.pk/lib/owlcarousel/assets/owl.carousel.min.css]
[cdn.jsdelivr.net/npm/bootstrap@5.3.2/dist/css/bootstrap.min.css]
[pakasiatransportcompany.com.pk/css/bootstrap.min.css]
[pakasiatransportcompany.com.pk/img/bg-banner.jpg]
[pakasiatransportcompany.com.pk/css/style.css]
[pakasiatransportcompany.com.pk/car_video.mp4]
